<?xml version="1.0" encoding="UTF-8"?>
<!-- Generated by org.testng.reporters.JUnitXMLReporter -->
<testsuite ignored="3" hostname="DESKTOP-V43BJR3" failures="0" tests="15" name="Test" time="0.241" errors="0" timestamp="2025-04-02T20:18:12 IST">
  <testcase classname="TestNG.TestNgSample" name="createContact" time="0.018"/>
  <testcase classname="TestNG.TestNgSample" name="createContact" time="0.004"/>
  <testcase classname="TestNG.TestNgSample" name="modifyContact" time="0.003"/>
  <testcase classname="TestNG.TestNgSample" name="updateContact" time="0.003"/>
  <testcase classname="TestNG.TestNgSample5" name="D" time="0.005"/>
  <testcase classname="TestNG.TestNgSample5" name="B" time="0.003"/>
  <testcase classname="TestNG.TestNgSample5" name="C" time="0.004"/>
  <testcase classname="TestNG.TestNgSample5" name="A" time="0.003"/>
  <testcase classname="TestNG.TestNgSample4" name="deleteContact" time="0.002"/>
  <testcase classname="TestNG.TestNgSample4" name="modifyContact" time="0.004"/>
  <testcase classname="TestNG.TestNgSample3" name="createContact" time="0.002"/>
  <testcase classname="TestNG.TestNgSample3" name="createContact" time="0.005"/>
  <testcase classname="TestNG.TestNgSample3" name="modifyContact" time="0.004"/>
  <testcase classname="TestNG.TestNgSample2" name="deleteContact" time="0.002"/>
  <testcase classname="TestNG.TestNgSample2" name="createContact" time="0.002"/>
  <testcase classname="TestNG.TestNgSample2" name="modifyContact" time="0.0">
    <ignored/>
  </testcase> <!-- modifyContact -->
  <testcase classname="TestNG.TestNgSample4" name="createContact" time="0.0">
    <ignored/>
  </testcase> <!-- createContact -->
  <testcase classname="TestNG.TestNgSample" name="deleteContact" time="0.0">
    <ignored/>
  </testcase> <!-- deleteContact -->
</testsuite> <!-- Test -->
